BEGIN 3:uvm_AFIFO_interface:fast:work
    rd_rst :  1:uvm_AFIFO_agent_pkg:fast:work
    rd_clk :  1:uvm_AFIFO_agent_pkg:fast:work
    wr_rst :  1:uvm_AFIFO_agent_pkg:fast:work
    wr_full :  1:uvm_AFIFO_agent_pkg:fast:work
    rd_empty :  1:uvm_AFIFO_agent_pkg:fast:work
    rd_inc :  1:uvm_AFIFO_agent_pkg:fast:work
    wr_clk :  1:uvm_AFIFO_agent_pkg:fast:work
    wr_data :  1:uvm_AFIFO_agent_pkg:fast:work
    rd_data :  1:uvm_AFIFO_agent_pkg:fast:work
    wr_inc :  1:uvm_AFIFO_agent_pkg:fast:work
END 
BEGIN 3:uvm_AFIFO_interface:fast__5:work
    wr_inc :  1:uvm_AFIFO_top:fast:work
    wr_data :  1:uvm_AFIFO_top:fast:work
    rd_data :  1:uvm_AFIFO_top:fast:work
    wr_full :  1:uvm_AFIFO_top:fast:work
    wr_rst :  1:uvm_AFIFO_top:fast:work
    rd_clk :  1:uvm_AFIFO_top:fast:work
    rd_rst :  1:uvm_AFIFO_top:fast:work
    rd_inc :  1:uvm_AFIFO_top:fast:work
    rd_empty :  1:uvm_AFIFO_top:fast:work
    wr_clk :  1:uvm_AFIFO_top:fast:work
END 
